[   0.0000] Initializing cgroup subsys cpuset
[    0.000000] Initializing cgroup subsys cpu
[    0.000000] Initializing cgroup subsys cpuacct
[    0.000000] Linux version 4.4.0-170-generic (buildd@lcy01-amd64-019) (gcc version 5.4.0 20160609 (Ubuntu 5.4.0-6ubuntu1~16.04.12) ) #199-Ubuntu SMP Thu Nov 14 01:45:04 UTC 2019 (Ubuntu 4.4.0-170.199-generic 4.4.200)
[    0.000000] Command line: BOOT_IMAGE=/boot/vmlinuz-4.4.0-170-generic root=LABEL=cloudimg-rootfs ro console=tty1 console=ttyS0
[    0.000000] KERNEL supported cpus:
[    0.000000]   Intel GenuineIntel
[    0.000000]   AMD AuthenticAMD
[    0.000000]   Centaur CentaurHauls
[    0.000000] x86/fpu: xstate_offset[2]:  576, xstate_sizes[2]:  256
[    0.000000] x86/fpu: Supporting XSAVE feature 0x01: 'x87 floating point registers'
[    0.000000] x86/fpu: Supporting XSAVE feature 0x02: 'SSE registers'
[    0.000000] x86/fpu: Supporting XSAVE feature 0x04: 'AVX registers'
[    0.000000] x86/fpu: Enabled xstate features 0x7, context size is 832 bytes, using 'standard' format.
[    0.000000] e820: BIOS-provided physical RAM map:
[    0.000000] BIOS-e820: [mem 0x0000000000000000-0x000000000009fbff] usable
[    0.000000] BIOS-e820: [mem 0x000000000009fc00-0x000000000009ffff] reserved
[    0.000000] BIOS-e820: [mem 0x00000000000f0000-0x00000000000fffff] reserved
[    0.000000] BIOS-e820: [mem 0x0000000000100000-0x000000003ffeffff] usable
[    0.000000] BIOS-e820: [mem 0x000000003fff0000-0x000000003fffffff] ACPI data
[    0.000000] BIOS-e820: [mem 0x00000000fec00000-0x00000000fec00fff] reserved
[    0.000000] BIOS-e820: [mem 0x00000000fee00000-0x00000000fee00fff] reserved
[    0.000000] BIOS-e820: [mem 0x00000000fffc0000-0x00000000ffffffff] reserved
[    0.000000] NX (Execute Disable) protection: active
[    0.000000] SMBIOS 2.5 present.
[    0.000000] Hypervisor detected: KVM
[    0.000000] e820: last_pfn = 0x3fff0 max_arch_pfn = 0x400000000
[    0.000000] MTRR: Disabled
[    0.000000] x86/PAT: MTRRs disabled, skipping PAT initialization too.
[    0.000000] CPU MTRRs all blank - virtualized system.
[    0.000000] x86/PAT: Configuration [0-7]: WB  WT  UC- UC  WB  WT  UC- UC  
[    0.000000] found SMP MP-table at [mem 0x0009fff0-0x0009ffff] mapped at [ffff88000009fff0]
[    0.000000] Scanning 1 areas for low memory corruption
[    0.000000] RAMDISK: [mem 0x362f4000-0x37171fff]
[    0.000000] ACPI: Early table checksum verification disabled
[    0.000000] ACPI: RSDP 0x00000000000E0000 000024 (v02 VBOX  )
[    0.000000] ACPI: XSDT 0x000000003FFF0030 00003C (v01 VBOX   VBOXXSDT 00000001 ASL  00000061)
[    0.000000] ACPI: FACP 0x000000003FFF00F0 0000F4 (v04 VBOX   VBOXFACP 00000001 ASL  00000061)
[    0.000000] ACPI: DSDT 0x000000003FFF0470 0021FF (v02 VBOX   VBOXBIOS 00000002 INTL 20100528)
[    0.000000] ACPI: FACS 0x000000003FFF0200 000040
[    0.000000] ACPI: FACS 0x000000003FFF0200 000040
[    0.000000] ACPI: APIC 0x000000003FFF0240 00005C (v02 VBOX   VBOXAPIC 00000001 ASL  00000061)
[    0.000000] ACPI: SSDT 0x000000003FFF02A0 0001CC (v01 VBOX   VBOXCPUT 00000002 INTL 20100528)
[    0.000000] No NUMA configuration found
[    0.000000] Faking a node at [mem 0x0000000000000000-0x000000003ffeffff]
[    0.000000] NODE_DATA(0) allocated [mem 0x3ffeb000-0x3ffeffff]
[    0.000000] kvm-clock: Using msrs 4b564d01 and 4b564d00
[    0.000000] kvm-clock: cpu 0, msr 0:3ffe3001, primary cpu clock
[    0.000000] kvm-clock: using sched offset of 3649401068 cycles
[    0.000000] clocksource: kvm-clock: mask: 0xffffffffffffffff max_cycles: 0x1cd42e4dffb, max_idle_ns: 881590591483 ns
[    0.000000] Zone ranges:
[    0.000000]   DMA      [mem 0x0000000000001000-0x0000000000ffffff]
[    0.000000]   DMA32    [mem 0x0000000001000000-0x000000003ffeffff]
[    0.000000]   Normal   empty
[    0.000000]   Device   empty
[    0.000000] Movable zone start for each node
[    0.000000] Early memory node ranges
[    0.000000]   node   0: [mem 0x0000000000001000-0x000000000009efff]
[    0.000000]   node   0: [mem 0x0000000000100000-0x000000003ffeffff]
[    0.000000] Initmem setup node 0 [mem 0x0000000000001000-0x000000003ffeffff]
[    0.000000] ACPI: PM-Timer IO Port: 0x4008
[    0.000000] IOAPIC[0]: apic_id 2, version 32, address 0xfec00000, GSI 0-23
[    0.000000] ACPI: INT_SRC_OVR (bus 0 bus_irq 0 global_irq 2 dfl dfl)
[    0.000000] ACPI: INT_SRC_OVR (bus 0 bus_irq 9 global_irq 9 low level)
[    0.000000] Using ACPI (MADT) for SMP configuration information
[    0.000000] smpboot: Allowing 2 CPUs, 0 hotplug CPUs
[    0.000000] PM: Registered nosave memory: [mem 0x00000000-0x00000fff]
[    0.000000] PM: Registered nosave memory: [mem 0x0009f000-0x0009ffff]
[    0.000000] PM: Registered nosave memory: [mem 0x000a0000-0x000effff]
[    0.000000] PM: Registered nosave memory: [mem 0x000f0000-0x000fffff]
[    0.000000] e820: [mem 0x40000000-febffff] aailable for PCI devices
[  0.000000] Booting paravirtualized kernel on KVM
[    0.000000] clocksource: refined-jiffies: mask: 0xffffffff max_cycles: 0xffffffff, max_idle_ns: 7645519600211568 ns
[  0.000000] setup_percpu: NR_CPUS:512 nr_cpumask_bits:512 nr_cpu_ids:2 nr_node_ids:1
[    0.000000] PERCPU: Embedded 33 pages/cpu @ffff88003fc00000 s95448 r8192 d31528 u1048576
[    0.000000] Built 1 zonelists in Node order, mobility grouping on.  Total pages: 257912
[    0.000000] Policy zone: DMA32
[    0.000000] Kernel command line: BOOT_IMAGE=/boot/vmlin-4.4.0-170-generic root=LABEL=cloudimg-rootfs ro console=tty1 console=ttyS0
[    0.000000] PID hash table entries: 4096 (order: 3, 32768 bytes)
[    0.000000] Memory: 997716K/1048120K available (8626K kernel code, 1336K rwdata, 4036K rodata, 1488K init, 1288K bss, 50404K reserved, 0K cma-reserved)
[    0.000000] SLUB: HWalign=64, Order=0-3, MinObjects=0, CPUs=2, Nodes=1
[    0.000000] Kernel/User page tables isolation: enabled
[    0.000000] Hierarchical RCU implementation.
[    0.000000] 	Build-time adjustment of leaf anout to 64.
[    0.000000] 	RCU restricting CPUs from NR_CPUS=512 to nr_cpu_ids=2.
[    0.000000] RCU: Adjusting geometry for rcu_fanout_leaf=64, nr_cpu_ids=2
[    0.000000] NR_IRQS:33024 nr_irqs:440 16
[   0.0000] nsle: colour VGA+ 80x25[    000000] console [tty1] enabled
[    0.000000] console [ttyS0] enabled
[    0.000000] tsc: Detected 2903.996 MHz processor
[    0.789397] Calibrating delay loop (skipped) preset value.. 5807.99 BogoMIPS (lpj=11615984)
[    0.791232] pid_max: default: 32768 minimum: 301
[    0.792250] ACPI: Core revision 20150930
[    0.793987] ACPI: 2 ACPI AML tables successfully acquired and loaded
[    0.795231] Security Framework initialized
[    0.796178] Yama: becoming mindful.
[    0.797104] AppArmor: AppArmor initialized
[    0.798127] Dentry cache hash table entries: 131072 (order: 8, 1048576 bytes)
[    0.802743] Inode-cache hash table entries: 65536 (order: 7, 524288 bytes)
[    0.804361] Mount-cache hash table entries: 2048 (order: 2, 16384 bytes)
[    0.805695] Mountpoint-cache hash table entries: 2048 (order: 2, 16384 bytes)

[    0.807055] Initializing cgroup subsys io
[    0.807908] Initializing cgroup subsys memory
[    0.808773] Initializing cgroup subsys devices
[    0.813660] Initializing cgroup subsys freezer
[    0.814526] Initializing cgroup subsys net_cls
[    0.815343] Initializing cgroup subsys perf_event
[    0.816248] Initializing cgroup subsys net_prio
[    0.823471] Initializing cgroup subsys hugetlb
[    0.824457] Initializing cgroup subsys pids
[    0.827152] mce: CPU supports 0 MCE banks
[    0.828053] Last level iTLB entries: 4KB 64, 2MB 8, 4MB 8
[    0.829137] Last level dTLB entries: 4KB 64, 2MB 0, 4MB 0, 1GB 4
[    0.830287] Spectre V1 : Mitigation: usercopy/swapgs barriers and __user pointer sanitization
[    0.832091] Spectre V2 : Mitigation: Full generic retpoline
[    0.838886] Spectre V2 : Spectre v2 / SpectreRSB mitigation: Filling RSB on context switch
[    0.850681] Speculative Store Bypass: Vulnerable
[    0.878510] MDS: Vulnerable: Clear CPU buffers attempted, no microcode
[    0.906336] Freeing SMP alternatives memory: 36K
[    0.944190] ftrace: allocating 32302 entries in 127 pages
[    1.166751] smpboot: APIC(0) Converting physical 0 to logical package 0
[    1.202403] smpboot: Max logical packages: 1
[    1.254615] x2apic enabled
[    1.256726] Switched APIC routing to physical x2apic.
[    1.260867] ..TIMER: vector=0x30 apic1=0 pin1=2 apic2=-1 pin2=-1
[    1.439795] smpboot: CPU0: Intel(R) Core(TM) i7-7500U CPU @ 2.70GHz (family: 0x6, model: 0x8e, stepping: 0x9)
[    1.548542] Performance Events: unsupported p6 CPU model 142 no PMU driver, software events only.
[    1.667273] KVM setup paravirtual spinlock
[    1.702175] x86: Booting SMP configuration:
[    1.719286] .... node  #0, CPUs:      #1
[    1.733907] kvm-clock: cpu 1, msr 0:3ffe3041, secondary cpu clock
[    1.737470] mce: CPU supports 0 MCE banks
[    1.740150] x86: Booted up 1 node, 2 CPUs
[    1.797171] smpboot: Total of 2 processors activated (11615.98 BogoMIPS)
[    1.839006] devtmpfs: initialized
[    1.847953] evm: security.selinux
[    1.855634] evm: security.SMACK64
[    1.856386] evm: security.SMACK64EXEC
[    1.857205] evm: security.SMACK64TRANSMUTE
[    1.858230] evm: security.SMACK64MMAP
[    1.864717] evm: security.ima
[    1.872608] evm: security.capability
[    1.873610] clocksource: jiffies: mask: 0xffffffff max_cycles: 0xffffffff, max_idle_ns: 7645041785100000 ns
[    1.875480] futex hash table entries: 512 (order: 3, 32768 bytes)
[    1.876860] pinctrl core: initialized pinctrl subsystem
[    1.884289] RTC time: 15:28:32, date: 01/17/20
[    1.892167] NET: Registered protocol family 16
[    1.905991] cpuidle: using governor ladder
[    1.926530] cpuidle: using governor menu
[    1.964405] PCCT header not found.
[    2.031610] ACPI: bus type PCI registered
[    2.079374] acpiphp: ACPI Hot Plug PCI Controller Driver version: 0.5
[    2.183916] PCI: Using configuration type 1 for base access
[    2.241764] ACPI: Added _OSI(Module Device)
[    2.299052] ACPI: Added _OSI(Processor Device)
[    2.337493] ACPI: Added _OSI(3.0 _SCP Extensions)
[    2.383208] ACPI: Added _OSI(Processor Aggregator Device)
[    2.400306] ACPI: Executed 1 blocks of module-level executable AML code
[    2.501326] ACPI: Interpreter enabled
[    2.560301] ACPI: (supports S0 S5)
[    2.608050] ACPI: Using IOAPIC for interrupt routing
[    2.690815] PCI: Using host bridge windows from ACPI; if necessary, use "pci=nocrs" and report a bug
[    2.768308] ACPI: PCI Root Bridge [PCI0] (domain 0000 [bus 00-ff])
[    2.838587] acpi PNP0A03:00: _OSC: OS supports [ASPM ClockPM Segments MSI]
[    2.871903] acpi PNP0A03:00: _OSC: not requesting OS control; OS requires [ExtendedConfig ASPM ClockPM MSI]
[    2.917827] acpi PNP0A03:00: fail to add MMCONFIG information, can't access extended PCI configuration space under this bridge.
[    2.920454] PCI host bridge to bus 0000:00
[    2.927848] pci_bus 0000:00: root bus resource [io  0x0000-0x0cf7 window]
[    2.935740] pci_bus 0000:00: root bus resource [io  0x0d00-0xffff window]
[    2.937223] pci_bus 0000:00: root bus resource [mem 0x000a0000-0x000bffff window]
[    2.938890] pci_bus 0000:00: root bus resource [mem 0x40000000-0xfdffffff window]
[    2.953783] pci_bus 0000:00: root bus resource [bus 00-ff]
[    2.956686] pci 0000:00:01.1: legacy IDE quirk: reg 0x10: [io  0x01f0-0x01f7]
[    2.972485] pci 0000:00:01.1: legacy IDE quirk: reg 0x14: [io  0x03f6]
[    2.973688] pci 0000:00:01.1: legacy IDE quirk: reg 0x18: [io  0x0170-0x0177]
[    2.974956] pci 0000:00:01.1: legacy IDE quirk: reg 0x1c: [io  0x0376]
[    3.011895] pci 0000:00:07.0: quirk: [io  0x4000-0x403f] claimed by PIIX4 ACPI
[    3.123058] pci 0000:00:07.0: quirk: [io  0x4100-0x410f] claimed by PIIX4 SMB
[    3.193115] ACPI: PCI Interrupt Link [LNKA] (IRQs 5 9 10 *11)
[    3.238884] ACPI: PCI Interrupt Link [LNKB] (IRQs 5 9 *10 11)
[    3.298322] ACPI: PCI Interrupt Link [LNKC] (IRQs 5 *9 10 11)
[    3.370227] ACPI: PCI Interrupt Link [LNKD] (IRQs 5 9 10 *11)
[    3.480427] ACPI: Enabled 2 GPEs in block 00 to 07
[    3.491579] vgaarb: setting as boot device: PCI:0000:00:02.0
[    3.549560] vgaarb: device added: PCI:0000:00:02.0,decodes=io+mem,owns=io+mem,locks=none
[    3.688253] vgaarb: loaded
[    3.706229] vgaarb: bridge control possible 0000:00:02.0
[    3.808037] SCSI subsystem initialized
[    3.822900] ACPI: bus type USB registered
[    3.868138] usbcore: registered new interface driver usbfs
[    3.910161] usbcore: registered new interface driver hub
[    3.965921] usbcore: registered new device driver usb
[    3.984385] PCI: Using ACPI for IRQ routing
[    3.992181] NetLabel: Initializing
[    3.993095] NetLabel:  domain hash size = 128
[    4.000530] NetLabel:  protocols = UNLABELED CIPSOv4
[    4.004566] NetLabel:  unlabeled traffic allowed by default
[    4.005911] amd_nb: Cannot enumerate AMD northbridges
[    4.007053] clocksource: Switched to clocksource kvm-clock
[    4.021135] AppArmor: AppArmor Filesystem Enabled
[    4.022414] pnp: PnP ACPI init
[    4.024221] pnp: PnP ACPI: found 3 devices
[  4362]loksource: acpi_pm: mask: 0xffffff max_cycles: 0xffffff, max_idle_ns: 2085701024 ns
[    .307154NET Risreproc fil2
[   4.49] TCP established hash table entries: 8192 (order: 4, 65536 bytes)

[    5.086212] TCP bind hash table entries: 8192 (order: 5, 131072 bytes)
[    5.087542] TCP: Hash tables configured (established 8192 bind 8192)
[    5.088949] UDP hash table entries: 512 (order: 2, 16384 bytes)
[    5.090339] UDP-Lite hash table entries: 512 (order: 2, 16384 bytes)
[    5.091413] NET: Registered protocol family 1
[    5.092265] pci 0000:00:00.0: Limiting direct PCI/PCI transfers
[    5.093337] pci 0000:00:01.0: Actatg ISA DMA hang workarounds
[  50997 Uacngniam..

[    6.158969] Freeing initrd memory: 14840K
[    6.166146] clocksource: tsc: mask: 0xffffffffffffffff max_cycles: 0x29dc020bb13, max_idle_ns: 440795273180 ns
[    6.174881] platform rtc_cmos: registered platform RTC device (no PNP device found)
[    6.227823] Scanning for low memory corruption every 60 seconds
[    6.266018] audit: initializing netlink subsys (disabled)
[    6.330723] audit: type=2000 audit(1579274918.688:1): initialized
[    6.396265] Initialise system trusted keyring
[    6.404694] HugeTLB registered 2 MB page size, pre-allocated 0 pages
[    6.451499] zbud: loaded
[    6.479590] VFS: Disk quotas dquot_6.6.0
[    6.512025] VFS: Dquot-cache hash table entries: 512 (order 0, 4096 bytes)
[    6.587511] squashfs: version 4.0 (2009/01/31) Phillip Lougher
[    6495fu it PIeron.2

[    7.273717] Key type big_key registered
[    7.274611] Allocating IMA MOK and blacklist keyrings.
[    7.360636] Key type asymmetric registered
[    7.400627] Asymmetric key parser 'x509' registered
[    7.420646] Block layer SCSI generic (bsg) driver version 0.4 loaded (major 249)
[    7.443065] io scheduler noop registered
[    7.444209] io scheduler deadline registered (default)
[    7.466801] io scheduler cfq registered
[    7.467806] pci_hotplug: PCI Hot Plug PCI Core version: 0.5
[    7.468995] pciehp: PCI Express Hot Plug Controller Driver version: 0.4
[    7.470362] ACPI: AC Adapter [AC] (off-line)
[    7.471278] input: Power Button as /devices/LNXSYSTM:00/LNXPWRBN:00/input/input0
[    7.472763] ACPI: Power Button [PWRF]
[    7.473597] input: Sleep Button as /devices/LNXSYSTM:00/LNXSLPBN:00/input/input1
[    7.475003] ACPI: Sleep Button [SLPF]
[    7.475950] GHES: HEST is not enabled!
[    7.477264] ACPI: Battery Slot [BAT0] (battery present)
[    7.478197] Serial: 8250/16550 driver, 32 ports, IRQ sharing enabled
[    7.502123] 00:02: ttyS0 at I/O 0x3f8 (irq = 4, base_baud = 115200) is a 16550A
[    7.570391] Linux agpgart interface v0.103
[    7.603920] loop: module loaded
[    7.639463] scsi host0: ata_piix
[    7.667384] scsi host1: ata_piix
[    7.668372] ata1: PATA max UDMA/33 cmd 0x1f0 ctl 0x3f6 bmdma 0xd000 irq 14
[    7.695095] ata2: PATA max UDMA/33 cmd 0x170 ctl 0x376 bmdma 0xd008 irq 15
[    7.722778] libphy: Fixed MDIO Bus: probed
[    7.755726] tun: Universal TUN/TAP device driver, 1.6
[    7.763789] tun: (C) 1999-2004 Max Krasnyansky <maxk@qualcomm.com>
[    7.785829] PPP generic driver version 2.4.2
[    7.816029] ehci_hcd: USB 2.0 'Enhanced' Host Controller (EHCI) Driver
[    7.825013] ehci-pci: EHCI PCI platform driver
[    7.825914] ehci-platform: EHCI generic platform driver
[    7.826911] ohci_hcd: USB 1.1 'Open' Host Controller (OHCI) Driver
[    7.834788] ohci-pci: OHCI PCI platform driver
[    7.844497] ohci-platform: OHCI generic platform driver
[    7.860058] uhci_hcd: USB Universal Host Controller Interface driver
[    7.874648] i8042: PNP: PS/2 Controller [PNP0303:PS2K,PNP0f03:PS2M] at 0x60,0x64 irq 1,12
[    7.892919] serio: i8042 KBD port at 0x60,0x64 irq 1
[    7.894282] serio: i8042 AUX port at 0x60,0x64 irq 12
[    7.911097] mousedev: PS/2 mouse device common for all mice
[    7.919258] rtc_cmos rtc_cmos: rtc core: registered rtc_cmos as rtc0
[    7.934653] rtc_cmos rtc_cmos: alarms up to one day, 114 bytes nvram
[    7.956972] i2c /dev entries driver
[    7.957905] input: AT Translated Set 2 keyboard as /devices/platform/i8042/serio0/input/input2
[    7.959956] device-mapper: uevent: version 1.0.3
[    7.961389] device-mapper: ioctl: 4.34.0-ioctl (2015-10-28) initialised: dm-devel@redhat.com
[    7.963833] ledtrig-cpu: registered to indicate activity on CPUs
[    7.965628] NET: Registered protocol family 10
[    7.966805] NET: Registered protocol family 17
[    7.967642] Key type dns_resolver registered
[    7.968643] registered taskstats version 1
[    7.969436] Loading compiled-in X.509 certificates
[    7.970758] Loaded X.509 cert 'Build time autogenerated kernel key: f0e56e97f406068ace47a9bf54316e9855aaaa43'
[    7.972482] zswap: loaded using pool lzo/zbud
[    7.975745] Key type trusted registered
[    7.982530] Key type encrypted registered
[    7.983584] AppArmor: AppArmor sha1 policy hashing enabled
[    7.984738] ima: No TPM chip found, activating TPM-bypass!
[    7.985767] ima: Allocated hash algorithm: sha1
[    7.986692] evm: HMAC attrs: 0x1
[    7.988377]   Magic number: 4:762:487
[    7.989222] rtc_cmos rtc_cmos: setting system clock to 2020-01-17 15:28:38 UTC (1579274918)
[    7.991231] BIOS EDD facility v0.16 2004-Jun-25, 0 devices found
[    8.042453] EDD information not available.
[    8.051749] Freeing unused kernel memory: 1488K
[    8.139670] Write protecting the kernel read-only data: 14336k
[    8.238014] Freeing unused kernel memory: 1604K
[    8.245080] Freeing unused kernel memory: 60K
Loading, please [    8.279163] random: systemd-udevd: uninitialized urandom read (16 bytes read, 3 bits of entropy available)
wait...
starting version 229
[    8.279980] random: udevadm: uninitialized urandom read (16 bytes read, 3 bits of entropy available)
[    8.280021] random: udevadm: uninitialized urandom read (16 bytes read, 3 bits of entropy available)
[    8.287282] random: systemd-udevd: uninitialized urandom read (16 bytes read, 3 bits of entropy available)
[    8.289468] random: systemd-udevd: uninitialized urandom read (16 bytes read, 3 bits of entropy available)
[    8.289820] random: udevadm: uninitialized urandom read (16 bytes read, 3 bits of entropy available)
[    8.289909] random: udevadm: uninitialized urandom read (16 bytes read, 3 bits of entropy available)
[    8.290081] random: udevadm: uninitialized urandom read (16 bytes read, 3 bits of entropy available)
[    8.290138] random: udevadm: uninitialized urandom read (16 bytes read, 3 bits of entropy available)
[    8.290197] random: udevadm: uninitialized urandom read (16 bytes read, 3 bits of entropy available)
[    8.455527] Fusion MPT base driver 3.04.20
[    8.456609] Copyright (c) 1999-2008 LSI Corporation
[    8.457869] e1000: Intel(R) PRO/1000 Network Driver - version 7.3.21-k8-NAPI
[    8.459651] e1000: Copyright (c) 1999-2006 Intel Corporation.
[    8.469263] Fusion MPT SPI Host driver 3.04.20
[    8.488232] AVX2 version of gcm_enc/dec engaged.
[    8.489518] AES CTR mode by8 optimization enabled
[    8.707843] input: ImExPS/2 Generic Explorer Mouse as /devices/platform/i8042/serio1/input/input4
[    9.134487] e1000 0000:00:03.0 eth0: (PCI:33MHz:32-bit) 02:4f:25:6a:cc:77
[    9.344171] e1000 0000:00:03.0 eth0: Intel(R) PRO/1000 Network Connection
[    9.346278] mptbase: ioc0: Initiating bringup
[   10.196767] ioc0: LSI53C1030 A0: Capabilities={Initiator}
[   12.230755] scsi host2: ioc0: LSI53C1030 A0, FwRev=00000000h, Ports=1, MaxQ=256, IRQ=20
[   15.037146] scsi 2:0:0:0: Direct-Access     VBOX     HARDDISK         1.0  PQ: 0 ANSI: 5
[   15.376229] scsi target2:0:0: Beginning Domain Validation
[   16.314497] scsi target2:0:0: Domain Validation skipping write tests
[   16.413162] scsi target2:0:0: Ending Domain Validation
[   16.420662] scsi target2:0:0: asynchronous
[   16.427368] scsi 2:0:1:0: Direct-Access     VBOX     HARDDISK         1.0  PQ: 0 ANSI: 5
[   16.430816] scsi target2:0:1: Beginning Domain Validation
[   16.434472] scsi target2:0:1: Domain Validation skipping write tests
[   16.437045] scsi target2:0:1: Ending Domain Validation
[   16.439277] scsi target2:0:1: asynchronous
[   16.464869] sd 2:0:0:0: Attached scsi generic sg0 type 0
[   16.485747] sd 2:0:0:0: [sda] 20971520 512-byte logical blocks: (10.7 GB/10.0 GiB)
[   16.488491] sd 2:0:0:0: [sda] Write Protect is off
[   16.489789] sd 2:0:0:0: [sda] Incomplete mode parameter data
[   16.490917] sd 2:0:0:0: [sda] Assuming drive cache: write through
[   16.493665] sd 2:0:1:0: [sdb] 20480 512-byte logical blocks: (10.5 MB/10.0 MiB)
[   16.496529] sd 2:0:1:0: [sdb] Write Protect is off
[   16.497758] sd 2:0:1:0: [sdb] Incomplete mode parameter data
[   16.499024] sd 2:0:1:0: [sdb] Assuming drive cache: write through
[   16.500239]  sda: sda1
[   16.502468] sd 2:0:1:0: Attached scsi generic sg1 type 0
[   16.504271] sd 2:0:0:0: [sda] Attached SCSI disk
[   16.514174] sd 2:0:1:0: [sdb] Attached SCSI disk
[   16.800222] e1000 0000:00:08.0 eth1: (PCI:33MHz:32-bit) 08:00:27:d0:79:bb
[   16.897585] e1000 0000:00:08.0 eth1: Intel(R) PRO/1000 Network Connection
[   16.935462] e1000 0000:00:03.0 enp0s3: renamed from eth0
[   16.948156] e1000 0000:00:08.0 enp0s8: renamed from eth1
Begin: Loading e[   18.452398] md: linear personality registered for level -1
ssential drivers[   18.484987] md: multipath personality registered for level -4
 ... [   18.504984] md: raid0 personality registered for level 0
[   18.520425] md: raid1 personality registered for level 1
[   18.664253] raid6: sse2x1   gen()  6585 MB/s
[   18.755132] raid6: sse2x1   xor()  4666 MB/s
[   18.847884] raid6: sse2x2   gen()  8167 MB/s
[   19.011522] raid6: sse2x2   xor()  5112 MB/s
[   19.099090] raid6: sse2x4   gen()  8460 MB/s
[   19.175147] raid6: sse2x4   xor()  5141 MB/s
[   19.303071] raid6: avx2x1   gen()  9882 MB/s
[   19.371794] raid6: avx2x2   gen() 15104 MB/s
[   19.472490] raid6: avx2x4   gen() 15745 MB/s
[   19.539166] raid6: using algorithm avx2x4 gen() 15745 MB/s
[   19.548708] raid6: using avx2x2 recovery algorithm
[   19.584517] xor: automatically using best checksumming function:
[   19.695319]    avx       : 15191.000 MB/sec
[   19.764135] async_tx: api initialized (async)
[   19.805364] md: raid6 personality registered for level 6
[   19.820358] md: raid5 personality registered for level 5
[   19.829240] md: raid4 personality registered for level 4
[   19.875352] md: raid10 personality registered for level 10
done.
Begin: Running /scripts/init-premount ... done.
Begin: Mounting root file system ... Begin: Running /scripts/local-top ... done.
Begin: Running /scripts/local-premount ... [   19.938100] Btrfs loaded
Scanning for Btrfs filesystems
done.
Warning: fsck not present, so sk[   20.003701] EXT4-fs (sda1): mounted filesystem with ordered data mode. Opts: (null)
ipping root file system
done.
Begin: Running /scripts/local-bottom ... done.
Begin: Running /scripts/init-bottom ... done.
[   20.274606] systemd[1]: systemd 229 running in system mode. (+PAM +AUDIT +SELINUX +IMA +APPARMOR +SMACK +SYSVINIT +UTMP +LIBCRYPTSETUP +GCRYPT +GNUTLS +ACL +XZ -LZ4 +SECCOMP +BLKID +ELFUTILS +KMOD -IDN)
[   20.352434] systemd[1]: Detected virtualization oracle.
[   20.360934] systemd[1]: Detected architecture x86-64.

Welcome to [1mUbuntu 16.04.6 LTS[0m!

[   20.383996] systemd[1]: Set hostname to <ubuntu>.
[   20.392437] systemd[1]: Initializing machine ID from random generator.
[   20.395602] systemd[1]: Installed transient /etc/machine-id file.
[ 20.6855syem1]Seupautomount biar Executabe File Formats File System tount Point.

[[0;32m  OK  [0m] Set up automount Arbitrary Executab...ats File System Automount Point.
[   21.545985] systemd[1]: Reached target System Time Synchronized.
[[0;32m  OK  [0m] Reached target System Time Synchronized.
[   21.548871] systemd[1]: Listening on Syslog Socket.
[[0;32m  OK  [0m] Listening on Syslog Socket.
[   21.551472] systemd[1]: Listening on LVM2 poll daemon socket.
[[0;32m  OK  [0m] Listening on LVM2 poll daemon socket.
[   21.561338] systemd[1]: Reached target Swap.
[[0;32m  OK  [0m] Reached target Swap.
[   21.563632] systemd[1]: Listening on udev Control Socket.
[[0;32m  OK  [0m] Listening on udev Control Socket.
[   22.342245systemd[1]: Listening on LVM2 metadata daemon socket.
[[0;32m  OK  [0m] Listening on LVM2 metadata daemon socket.
[ 22303] systemd[1]: Listening on Device-mapper event daemon FIFOs.
[[0;32m  OK  [0m] Listening on Device-mapper event daemon FIFOs.
[   2.1094 systemd[1]: Listening on Journal Socket.
[[0;32m  OK  [0m] Listening on Journal Socket.
[ 23784] system1]Reached target User and oup Name Lookups.

[[0;32m  OK  [0m] Reached target User and Group Name Lookups.
[   23.798439] systemd[1]: Listening on /dev/initctl Compatibility Named Pipe.
[[0;32m  OK  [0m] Listening on /dev/initctl Compatibility Named Pipe.
[   23.815387] systemd[1]: Listening on Journal Socket (/dev/log).
[[0;32m  OK  [0m] Listening on Journal Socket (/dev/log).
[ 23880]ystemd[1]: Lstin on Journal Audit Sock. [[0;32m  OK  [0m] Listening on Journal Audit Socket.
[   25.336093] systemd1]Rech tgeEnypd lus.
[[0;32m  OK  [0m] Reached target Encrypted Volumes.
[   25.989016] systemd[1]: Started Forward Password Requests to Wall Directory Watch.
[[0;32m  OK  [0m] Started Forward Password Requests to Wall Directory Watch.
[   26.020709] systemd[1]: Created slice User and Session Slice.
[[0;32m  OK  [0m] Created slice User and Session Slice.
[   26.023809] systemd[1]: Created slice System Slice.
[[0;32m  OK  [0m] Created slice System Slice.
[   26.198] stemd[1]: Reachedtaet Slices.
[[0;32m  OK  [0m] Reached target Slices.
[   27.319415] systemd[1]: Mounting Debug File System...
         [   27.325785] random: nonblocking pool is initialized
Mounting Debug File System...
[   27.344086] systemd[1]: Created slice system-serial\x2dgetty.slice.
[[0;32m  OK  [0m] Created slice system-serial\x2dgetty.slice.
[   27.376082] systemd[1]: Starting Load Kernel Modules...
         Starting Load Kernel Modules...
[   27.384267] systemd[1]: Starting Nameserver information manager...
         Starting Nameserver information manager...
[   27.394880] systemd[1]: Starting Journal Service...
         Starting Journal Service...
[   27.412096] systemd[1]: Starting Uncomplicated firewall...
         Starting Uncomplicated firewall...
[   27.425273] Loading iSCSI transport class v2.0-870.
[   27.431659] systemd[1]: Mounting Huge Pages File System...
         Mounting Huge Pages File System...
[   27.453921] systemd[1]: Starting Remount Root and Kernel File Systems...
[   27.487711] EXT4-fs (sda1): re-mounted. Opts: (null)
         Starting Remount Root and Kernel File Systems...
[   27.492340] iscsi: registered transport (tcp)
[   27.494434] systemd[1]: Mounting POSIX Message Queue File System...
         Mounting POSIX Message Queue File System...
[   27.498226] systemd[1]: Starting Monitoring of LVM2 mirrors, snapshots etc. using dmeventd or progress polling...
         Starting Monitoring of LVM2 mirrors... dmeventd or progress polling...
[   27.502149] systemd[1]: Started Trigger resolvconf update for networkd DNS.
[[0;32m  OK  [0m] Started Trigger resolvconf update for networkd DNS.
[   27.530121] systemd[1]: Listening on udev Kernel Socket.
[[0;32m  OK  [0m] Listening on udev Kernel Socket.
[   27.534946] systemd[1]: Starting Create list of required static device nodes for the current kernel...
         Starting Create list of required st... nodes for the current kernel...
[   27.541124] systemd[1]: Starting Set console keymap...
         Starting Set console keymap...
[   27.561591] iscsi: registered transport (iser)
[   27.584761] systemd[1]: Mounted Debug File System.
[[0;32m  OK  [0m] Mounted Debug File System.
[   27.606582] systemd[1]: Mounted Huge Pages File System.
[[0;32m  OK  [0m] Mounted Huge Pages File System.
[   27.663764] systemd[1]: Mounted POSIX Message Queue File System.
[[0;32m  OK  [0m] Mounted POSIX Message Queue File System.
[   27.776483] systemd[1]: Started Journal Service.
[[0;32m  OK  [0m] Started Journal Service.
[[0;32m  OK  [0m] Started Load Kernel Modules.
[[0;32m  OK  [0m] Started Uncomplicated firewall.
[[0;32m  OK  [0m] Started Remount Root and Kernel File Systems.
[[0;32m  OK  [0m] Started Create list of required sta...ce nodes for the current kernel.
[[0;32m  OK  [0m] Started Set console keymap.
[[0;32m  OK  [0m] Started Nameserver information manager.
[[0;32m  OK  [0m] Started LVM2 metadata daemon.
         Starting Create Static Device Nodes in /dev...
         Starting Load/Save Random Seed...
         Starting udev Coldplug all Devices...
         Mounting FUSE Control File System...
         Starting Apply Kernel Variables...
         Starting Flush Journal to Persistent Storage...
[[0;32m  OK  [0m] Mounted FUSE Control File System.
[[0;32m  OK  [0m] Started Create Static Device Nodes in /dev.
[[0;32m  OK  [0m] Started Load/Save Random Seed.
[[0;32m  OK  [0m] Started Apply Kernel Variables.
[[0;32m  OK  [0m] Started udev Coldplug all Devices.
         Starting udev Kernel Device Manager...
[[0;32m  OK  [0m] Started Flush Journal to Persistent Storage.
[[0;32m  OK  [0m] Started Monitoring of LVM2 mirrors,...ng dmeventd or progress polling.
[[0;32m  OK  [0m] Started udev Kernel Device Manager.
[[0;32m  OK  [0m] Started Dispatch Password Requests to Console Directory Watch.
[[0;32m  OK  [0m] Reached target Local File Systems (Pre).
[[0;32m  OK  [0m] Reached target Local File Systems.
         Starting LSB: AppArmor initialization...
         Starting Tell Plymouth To Write Out Runtime Data...
         Starting Initial cloud-init job (pre-networking)...
         Starting Set console font and keymap...
         Starting Commit a transient machine-id on disk...
         Starting Create Volatile Files and Directories...
[[0;32m  OK  [0m] Started Tell Plymouth To Write Out Runtime Data.
[[0;32m  OK  [0m] Started Create Volatile Files and Directories.
[[0;32m  OK  [0m] Started Commit a transient machine-id on disk.
         Starting Update UTMP about System Boot/Shutdown...
[[0;32m  OK  [0m] Started Update UTMP about System Boot/Shutdown.
[[0;32m  OK  [0m] Found device /dev/ttyS0.
[[0;32m  OK  [0m] Listening on Load/Save RF Kill Switch Status /dev/rfkill Watch.
[[0;32m  OK  [0m] Started Set console font and keymap.
[[0;32m  OK  [0m] Created slice system-getty.slice.
[[0;32m  OK  [0m] Started LSB: AppArmor initialization.
[   27.140228] cloud-init[482]: Cloud-init v. 19.2-36-g059d049c-0ubuntu2~16.04.1 running 'init-local' at Fri, 17 Jan 2020 15:29:00 +0000. Up 26.51 seconds.
[[0;32m  OK  [0m] Started Initial cloud-init job (pre-networking).
[[0;32m  OK  [0m] Reached target Network (Pre).
         Starting Raise network interfaces...
[[0;32m  OK  [0m] Started Raise network interfaces.
         Starting Initial cloud-init job (metadata service crawler)...
[[0;32m  OK  [0m] Reached target Network.
[   29.219102] cloud-init[940]: Cloud-init v. 19.2-36-g059d049c-0ubuntu2~16.04.1 running 'init' at Fri, 17 Jan 2020 15:29:01 +0000. Up 28.17 seconds.
[   29.274779] cloud-init[940]: ci-info: ++++++++++++++++++++++++++++++++++++++Net device info+++++++++++++++++++++++++++++++++++++++
[   29.323034] [[0;32m  OK  [0m] Started Initial cloud-init job (metadata service crawler).
cloud-init[940]: ci-info: +--------+-------+----------------------------+---------------+--------+-------------------+
[[0;32m  OK  [0m] Reached target System Initialization.
[   29.333407] [cloud-init[0;32m  OK  [0m[940]: ] ci-info: | Device |   Up  |          Address           |      Mask     | Scope  |     Hw-Address    |Listening on ACPID Listen Socket.

[   29.379231] cloud-init[940]: ci-info: +--------+-------+----------------------------+---------------+--------+-------------------+
[[0;32m  OK  [0m] Started Daily Cleanup of Temporary Directories.
[[0;32m  OK  [0m] Listening on UUID daemon activation socket.
[[0;32m  OK  [0m] Started Message of the Day.
[   29.381374] cloud-init[940]: ci-info: | enp0s3 |  True |         10.0.2.15          | 255.255.255.0 | global | 02:4f:25:6a:cc:77 |
[   29.436264] [cloud-init[0;32m  OK  [0m[940]: ] ci-info: | enp0s3 |  True | fe80::4f:25ff:fe6a:cc77/64 |       .       |  link  | 02:4f:25:6a:cc:77 |Started ACPI Events Check.

[   29.603257] [cloud-init[0;32m  OK  [0m[940]: ] ci-info: | enp0s8 | False |             .              |       .       |   .    | 08:00:27:d0:79:bb |Reached target Paths.

[   29.605368] cloud-init[940]: ci-info: |   lo   |  True |         127.0.0.1          |   255.0.0.0   |  host  |         .         |
[[0;32m  OK  [0m] Started Daily apt download activities.
[[0;32m  OK  [0m] Started Daily apt upgrade and clean activities.
[[0;32m  OK  [0m] Reached target Timers.
         Starting Socket activation for snappy daemon.
[   29.673263] cloud-init[940]: ci-info: |   lo   |  True |          ::1/128           |       .       |  host  |         .         |
[   29.884814]          Starting LXD - unix socket.
[[0;32m  OK  [0m] Listening on D-Bus System Message Bus Socket.
[[0;32m  OK  [0m] Reached target Cloud-config availability.
[[0;32m  OK  [0m] Reached target Network is Online.
cloud-init[940]: ci-info: +--------+-------+----------------------------+---------------+--------+-------------------+
[   29.956955]          Starting iSCSI initiator daemon (iscsid)...
[[0;32m  OK  [0m] Listening on Socket activation for snappy daemon.
[[0;32m  OK  [0m] Listening on LXD - unix socket.
cloud-init[940]: ci-info: +++++++++++++++++++++++++++Route IPv4 info++++++++++++++++++++++++++++
[   30.029151] cloud-init[940]: ci-info: +-------+-------------+----------+---------------+-----------+-------+
[   30.111608] [cloud-init[0;32m  OK  [0m[940]: ] ci-info: | Route | Destination | Gateway  |    Genmask    | Interface | Flags |Started iSCSI initiator daemon (iscsid).

[   30.113797] cloud-init[940]: ci-info: +-------+-------------+----------+---------------+-----------+-------+
[   30.197048] cloud-init[940]: ci-info: |   0   |   0.0.0.0   | 10.0.2.2 |    0.0.0.0    |   enp0s3  |   UG  |
[   30.215450] cloud-init[940]: ci-info: |   1   |   10.0.2.0  | 0.0.0.0  | 255.255.255.0 |   enp0s3  |   U   |
[   30.269064]          Starting Login to default iSCSI targets...
[[0;32m  OK  [0m] Reached target Sockets.
[[0;32m  OK  [0m] Reached target Basic System.
cloud-init[940]: ci-info: +-------+-------------+----------+---------------+-----------+-------+
[   30.310970] [[0;32m  OK  [0m] Started FUSE filesystem for LXC.
cloud-init[940]: ci-info: +++++++++++++++++++Route IPv6 info+++++++++++++++++++
         Starting /etc/rc.local Compatibility...
[   30.315353] cloud-init         Starting LSB: Record successful boot for GRUB...
[940]: [[0;32m  OK  [0m] Started Regular background program processing daemon.
ci-info: +-------+-------------+---------+-----------+-------+
[[0;32m  OK  [0m] Started D-Bus System Message Bus.
[   30.349580] cloud-init[940]: ci-info: | Route | Destination | Gateway | Interface | Flags |
[   30.401644] cloud-init[940]: ci-info: +-------+-------------+---------+-----------+-------+
[   30.412694]          cloud-initStarting LXD - container startup/shutdown...[940]: 
ci-info: |   0   |  fe80::/64  |    ::   |   enp0s3  |   U   |
         Starting LSB: MD monitoring daemon...
[   30.459715] cloud-init[940]: ci-info: |   3   |   ff00::/8  |    ::   |   enp0s3  |   U   |
[   30.474517] cloud-init[940]: ci-info: +-------+-------------+---------+-----------+-------+
[   30.483939] cloud-init[940]: Generating public/private rsa key pair.
         Starting Virtualbox guest utils...
[   30.502074] cloud-init[940]: Your identification has been saved in /etc/ssh/ssh_host_rsa_key.
         Starting Pollinate to seed the pseudo random number generator...
         Starting Accounts Service...
[[0;32m  OK  [0m] Started Deferred execution scheduler.
[[0;32m  OK  [0m] Started ACPI event daemon.
[   30.522103] cloud-init[940]: Your public key has been saved in /etc/ssh/ssh_host_rsa_key.pub.
         [   30.581751] cloud-init[940]: The key fingerprint is:
[   30.582370] cloud-init[940]: SHA256:7tmV1vF2oGXHwPd422K9VO6/f6zhS3CsJC3DgujqQHQ root@ubuntu-xenial
[   30.582518] cloud-init[940]: The key's randomart image is:
[   30.582883] cloud-init[940]: +---[RSA 2048]----+
[   30.583038] cloud-init[940]: |                 |
[   30.583360] cloud-init[940]: |             .   |
[   30.583695] cloud-init[940]: | . E          o .|
[   30.583867] cloud-init[940]: |. .  . . . . . =.|
Starting System Logging Service...
[   30.584004] cloud-init[940]: | .  . . S = + O *|
[   30.622381] cloud-init[940]: |.  .   . . = X O+|
[   30.622686] cloud-init[940]: |.   .   .   * *+B|
[   30.622844] cloud-init[940]: | . .   . o o +.==|
[   30.622981] cloud-init[940]: | .o     o .   +=O|
[   30.623102] cloud-init[940]: +----[SHA256]-----+
[   30.623233] cloud-init[940]: Generating public/private dsa key pair.
[   30.623369] cloud-init[940]: Your identification has been saved in /etc/ssh/ssh_host_dsa_key.
[   30.623495] cloud-init[940]: Your public key has been saved in /etc/ssh/ssh_host_dsa_key.pub.
[   30.623643] cloud-init[940]: The key fingerprint is:
[   30.623767] cloud-init[940]: SHA256:maGN6puym8pE9OejjkO6HuDpbR1nWU8ZmntLUleZmLk root@ubuntu-xenial
[   30.624200] cloud-init[940]: The key's randomart image is:
[   30.624326] cloud-init[940]: +---[DSA 1024]----+
[   30.624453] cloud-init[940]: |              + o|
[   30.624600] cloud-init[940]: |           . + + |
[   30.624719] cloud-init[940]: | .      . o o o  |
[   30.625022] cloud-init[940]: |. .    + B + E   |
[   30.625152] cloud-init[940]: |.. . .o S = .    |
[   30.625281] cloud-init[940]: |+.. oo + o +     |
[   30.625417] cloud-init[940]: |o=  oo+   + .    |
[   30.625561] cloud-init[940]: |=.=+.o.    .     |
[   30.625680] cloud-init[940]: |+BBB+.           |
[   30.625809] cloud-init[940]: +----[SHA256]-----+
[   30.625945] cloud-init[940]: Generating public/private ecdsa key pair.
[   30.626081] cloud-init[940]: Your identification has been saved in /etc/ssh/ssh_host_ecdsa_key.
[   30.626218] cloud-init[940]: Your public key has been saved in /etc/ssh/ssh_host_ecdsa_key.pub.
[   30.626346] cloud-init[940]: The key fingerprint is:
[   30.626478] cloud-init[940]: SHA256:4kALKOUlM8DM4SGwH1wA25zRidsxVssDW4gd7C0bqlU root@ubuntu-xenial
[   30.626754] cloud-init[940]: The key's randomart image is:
[   30.626891] cloud-init[940]: +---[ECDSA 256]---+
[   30.627021] cloud-init[940]: |X=OB==o          |
[   30.627151] cloud-init[940]: |o&+OX= .         |
[   30.627283] cloud-init[940]: |=.O=o++          |
[   30.627414] cloud-init[940]: |...+E...         |
[   30.627678] cloud-init[940]: |  .oo+. S        |
[   30.627808] cloud-init[940]: |  o .o .         |
[   30.628856] cloud-init[940]: | o    .          |
[   30.629104] cloud-init[940]: |.                |
[   30.629277] cloud-init[940]: |                 |
         Starting Login Service...
[   30.629317] cloud-init[940]: +----[SHA256]-----+
[   30.790477] cloud-init[940]: Generating public/private ed25519 key pair.
[   30.791362] cloud-init[940]: Your identification has been saved in /etc/ssh/ssh_host_ed25519_key.
[   30.792988] cloud-init[940]: Your public key has been saved in /etc/ssh/ssh_host_ed25519_key.pub.
         Starting Snappy daemon...
[   30.793360] cloud-init[940]: [[0;32m  OK  [0m] Started System Logging Service.
The key fingerprint is:
[[0;32m  OK  [0m] Started /etc/rc.local Compatibility.
[   30.853609] [[0;32m  OK  [0m] Started LXD - container startup/shutdown.
cloud-init[940]: SHA256:qEAIXr+/XCmGYfxYpjzX5wk0Du8pXFbLzaaTPcydJUY root@ubuntu-xenial
[   30.947604] cloud-init[940]: The key's randomart image is:
[   30.958860] [[0;32m  OK  [0m] Started Pollinate to seed the pseudo random number generator.
cloud-init[940]: +--[ED25519 256]--+
[   30.969133] cloud-init[940]: |.  .             |
[   30.977187] cloud-init[940]: |o.. .            |
[   30.989269] cloud-init[[0;32m  OK  [0m] Started Login to default iSCSI targets.
[940]: |...  .           |
[   30.994778] cloud-init[940]: | .  . ..   .  E  |
[   31.000408] cloud-init[940]: |  .  =.+Soo +.   |
[   31.004245] cloud-init[940]: |   .o.X *ooo +o .|
[   31.009581] cloud-init[940]: |    .*.*oB .B...o|
[   31.012724] cloud-init[940]: |      =o= =+.= o |
[   31.025731] [[0;32m  OK  [0m] Started LSB: Record successful boot for GRUB.
cloud-init[940]: |       o.o o. .  |
[   31.075184] cloud-init[940]: +----[SHA256]-----+
[[0;32m  OK  [0m] Started LSB: MD monitoring daemon.
[[0;32m  OK  [0m] Started Login Service.
[[0;32m  OK  [0m] Started Unattended Upgrades Shutdown.
         Starting Authenticate and Authorize Users to Run Privileged Tasks...
[[0;32m  OK  [0m] Reached target Remote File Systems (Pre).
[[0;32m  OK  [0m] Reached target Remote File Systems.
         Starting LSB: automatic crash report generation...
         Starting LSB: daemon to balance interrupts for SMP systems...
         Starting Permit User Sessions...
         Starting LSB: Set the CPU Frequency Scaling governor to "ondemand"...
         Starting OpenBSD Secure Shell server...
[[0;32m  OK  [0m] Started Snappy daemon.
[[0;32m  OK  [0m] Started Virtualbox guest utils.
[[0;32m  OK  [0m] Started Permit User Sessions.
[[0;32m  OK  [0m] Started Authenticate and Authorize Users to Run Privileged Tasks.
[[0;32m  OK  [0m] Started OpenBSD Secure Shell server.
[[0;32m  OK  [0m] Started Accounts Service.
[[0;32m  OK  [0m] Started LSB: automatic crash report generation.
[[0;32m  OK  [0m] Started LSB: daemon to balance interrupts for SMP systems.
         Starting Hold until boot process finishes up...
         Starting Terminate Plymouth Boot Screen...
         Starting Wait until snapd is fully seeded...
[[0;32m  OK  [0m] Started LSB: Set the CPU Frequency Scaling governor to "ondemand".
[[0;32m  OK  [0m] Started Hold until boot process finishes up.
[[0;32m  OK  [0m] Started Terminate Plymouth Boot Screen.
         Starting Set console scheme...
[[0;32m  OK  [0m] Started Getty on tty1.
[[0;32m  OK  [0m] Started Serial Getty on ttyS0.
[[0;32m  OK  [0m] Reached target Login Prompts.
[[0;32m  OK  [0m] Started Set console scheme.
[[0;32m  OK  [0m] Created slice User Slice of vagrant.
         Starting User Manager for UID 1000...
[[0;32m  OK  [0m] Started Session 1 of user vagrant.
[[0;32m  OK  [0m] Started User Manager for UID 1000.
[[0;32m  OK  [0m] Started Wait until snapd is fully seeded.
[[0;32m  OK  [0m] Reached target Multi-User System.
[[0;32m  OK  [0m] Reached target Graphical Interface.
         Starting Update UTMP about System Runlevel Changes...
         Starting Apply the settings specified in cloud-config...
[[0;32m  OK  [0m] Started Update UTMP about System Runlevel Changes.
[   33.166915] cloud-init[1383]: Generating locales (this might take a while)...
[   34.277715] cloud-init[1383]:   en_US.UTF-8... done
[   34.320501] cloud-init[1383]: Generation complete.
[   34.668814] cloud-init[1383]: Cloud-init v. 19.2-36-g059d049c-0ubuntu2~16.04.1 running 'modules:config' at Fri, 17 Jan 2020 15:29:06 +0000. Up 33.01 seconds.
[[0;32m  OK  [0m] Started Apply the settings specified in cloud-config.
         Starting Execute cloud user/final scripts...
ci-info: no authorized ssh keys fingerprints found for user ubuntu.
<14>Jan 17 15:29:09 ec2: 
<14>Jan 17 15:29:09 ec2: #############################################################
<14>Jan 17 15:29:09 ec2: -----BEGIN SSH HOST KEY FINGERPRINTS-----
<14>Jan 17 15:29:09 ec2: 1024 SHA256:maGN6puym8pE9OejjkO6HuDpbR1nWU8ZmntLUleZmLk root@ubuntu-xenial (DSA)
<14>Jan 17 15:29:09 ec2: 256 SHA256:4kALKOUlM8DM4SGwH1wA25zRidsxVssDW4gd7C0bqlU root@ubuntu-xenial (ECDSA)
<14>Jan 17 15:29:09 ec2: 256 SHA256:qEAIXr+/XCmGYfxYpjzX5wk0Du8pXFbLzaaTPcydJUY root@ubuntu-xenial (ED25519)
<14>Jan 17 15:29:09 ec2: 2048 SHA256:7tmV1vF2oGXHwPd422K9VO6/f6zhS3CsJC3DgujqQHQ root@ubuntu-xenial (RSA)
<14>Jan 17 15:29:09 ec2: -----END SSH HOST KEY FINGERPRINTS-----
<14>Jan 17 15:29:09 ec2: #############################################################
-----BEGIN SSH HOST KEY KEYS-----
ecdsa-sha2-nistp256 AAAAE2VjZHNhLXNoYTItbmlzdHAyNTYAAAAIbmlzdHAyNTYAAABBBA6c56TRcvucHGhXw81NhJF/Fb3YVV334DDitLztEXnEutmlMhcsDcLneGCDfXZ4Bxqd9GYLyJB5rXkhPt7f6/Q= root@ubuntu-xenial
ssh-ed25519 AAAAC3NzaC1lZDI1NTE5AAAAIHCsGPi7iRxKtYCYda3qeMGtC0Ms2TWi2jeMxpa6w0rn root@ubuntu-xenial
ssh-rsa AAAAB3NzaC1yc2EAAAADAQABAAABAQDTTzrusV9Zfrk4O8IkJrqlXoDtA3Y+QhY5fsOg0peqVO+gL6ZCIGack0FsJe31LNghGZsJqf73JXe+A4+Uibt7/jLHlZbDLw0BX7elXQBfMd/ef/HhZuERu6gvLrRI3vh2EFRWhFF9TxvlUd6Jt8JnaepFEx+PpnO0PZ9DWCzofB5zVvNZtTxAGoIrcdCYsQiRoFv9eiFgLXPOvad6xa1b+yXj4khK7xRTGExAE98orMPT66Bxx1vYq4lc/eOZL4HSlXxuQBRWsNsxvFIlggwnb5TqemLnpM7CnTmVSZuj8rHWwXcvGgNPTnoz1tBwx34o8myOisnNGbeGnVmgDD/F root@ubuntu-xenial
-----END SSH HOST KEY KEYS-----
[   35.450764] cloud-init[1534]: Cloud-init v. 19.2-36-g059d049c-0ubuntu2~16.04.1 running 'modules:final' at Fri, 17 Jan 2020 15:29:08 +0000. Up 35.03 seconds.
[   35.455438] cloud-init[1534]: ci-info: no authorized ssh keys fingerprints found for user ubuntu.
[   35.548936] cloud-init[1534]: Cloud-init v. 19.2-36-g059d049c-0ubuntu2~16.04.1 finished at Fri, 17 Jan 2020 15:29:09 +0000. Datasource DataSourceNoCloud [seed=/dev/sdb][dsmode=net].  Up 35.43 seconds
[[0;32m  OK  [0m] Started Execute cloud user/final scripts.
[[0;32m  OK  [0m] Reached target Cloud-init target.

Ubuntu 16.04.6 LTS ubuntu-xenial ttyS0

ubuntu-xenial login: 